<?xml version="1.0" encoding="UTF-8"?>
<testng-results ignored="0" total="1" passed="1" failed="0" skipped="0">
  <reporter-output>
  </reporter-output>
  <suite started-at="2022-04-01T16:51:06 IST" name="Default suite" finished-at="2022-04-01T16:51:40 IST" duration-ms="34860">
    <groups>
    </groups>
    <test started-at="2022-04-01T16:51:06 IST" name="Default test" finished-at="2022-04-01T16:51:40 IST" duration-ms="34860">
      <class name="TestCases.VerifyLoginPage">
        <test-method is-config="true" signature="urlLAunch()[pri:0, instance:TestCases.VerifyLoginPage@434a63ab]" started-at="2022-04-01T16:51:06 IST" name="urlLAunch" finished-at="2022-04-01T16:51:39 IST" duration-ms="33328" status="PASS">
          <reporter-output>
          </reporter-output>
        </test-method> <!-- urlLAunch -->
        <test-method signature="enterCredentials()[pri:0, instance:TestCases.VerifyLoginPage@434a63ab]" started-at="2022-04-01T16:51:39 IST" name="enterCredentials" finished-at="2022-04-01T16:51:40 IST" duration-ms="1349" status="PASS">
          <reporter-output>
          </reporter-output>
        </test-method> <!-- enterCredentials -->
      </class> <!-- TestCases.VerifyLoginPage -->
    </test> <!-- Default test -->
  </suite> <!-- Default suite -->
</testng-results>
